<?xml version="1.0" encoding="UTF-8"?>
<robot generator="Robot 5.0 (Python 3.10.2 on win32)" generated="20220408 03:13:41.910" rpa="false" schemaversion="3">
<suite id="s1" name="Demo" source="C:\Users\SHUBHENDRA SINGH\PycharmProjects\RoboticFramework\Tests\SampleApp\FunctionalTestSuite\Demo.robot">
<test id="s1-t1" name="login page test case" line="9">
<kw name="Log" library="BuiltIn">
<arg>Hello</arg>
<doc>Logs the given message with the given level.</doc>
<msg timestamp="20220408 03:13:42.370" level="INFO">Hello</msg>
<status status="PASS" starttime="20220408 03:13:42.370" endtime="20220408 03:13:42.370"/>
</kw>
<doc>Login for user</doc>
<tag>user</tag>
<status status="PASS" starttime="20220408 03:13:42.369" endtime="20220408 03:13:42.372"/>
</test>
<test id="s1-t2" name="Registratiion Page test case" line="14">
<kw name="Log" library="BuiltIn">
<arg>Welcome</arg>
<doc>Logs the given message with the given level.</doc>
<msg timestamp="20220408 03:13:42.375" level="INFO">Welcome</msg>
<status status="PASS" starttime="20220408 03:13:42.374" endtime="20220408 03:13:42.375"/>
</kw>
<doc>Registration for user</doc>
<tag>user</tag>
<status status="PASS" starttime="20220408 03:13:42.373" endtime="20220408 03:13:42.375"/>
</test>
<test id="s1-t3" name="Dashboard test case" line="19">
<kw name="Log" library="BuiltIn">
<arg>Dash</arg>
<doc>Logs the given message with the given level.</doc>
<msg timestamp="20220408 03:13:42.377" level="INFO">Dash</msg>
<status status="PASS" starttime="20220408 03:13:42.377" endtime="20220408 03:13:42.378"/>
</kw>
<doc>Dashboard for user</doc>
<status status="PASS" starttime="20220408 03:13:42.376" endtime="20220408 03:13:42.378"/>
</test>
<test id="s1-t4" name="Google test case" line="23">
<kw name="Open Browser" library="SeleniumLibrary">
<arg>${url}</arg>
<arg>chrome</arg>
<doc>Opens a new browser instance to the optional ``url``.</doc>
<msg timestamp="20220408 03:13:42.381" level="INFO">Opening browser 'chrome' to base url 'https://www.google.com/'.</msg>
<status status="PASS" starttime="20220408 03:13:42.380" endtime="20220408 03:13:48.176"/>
</kw>
<kw name="search data">
<kw name="Input Text" library="SeleniumLibrary">
<arg>name:q</arg>
<arg>${search_parameter}</arg>
<doc>Types the given ``text`` into the text field identified by ``locator``.</doc>
<msg timestamp="20220408 03:13:48.180" level="INFO">Typing text 'Harman' into text field 'name:q'.</msg>
<status status="PASS" starttime="20220408 03:13:48.178" endtime="20220408 03:13:48.489"/>
</kw>
<status status="PASS" starttime="20220408 03:13:48.177" endtime="20220408 03:13:48.489"/>
</kw>
<kw name="Submit Form" library="SeleniumLibrary">
<doc>Submits a form identified by ``locator``.</doc>
<msg timestamp="20220408 03:13:48.490" level="INFO">Submitting form 'None'.</msg>
<status status="PASS" starttime="20220408 03:13:48.490" endtime="20220408 03:13:54.582"/>
</kw>
<kw name="Close Browser" library="SeleniumLibrary">
<doc>Closes the current browser.</doc>
<status status="PASS" starttime="20220408 03:13:54.583" endtime="20220408 03:13:56.855"/>
</kw>
<doc>Google test</doc>
<status status="PASS" starttime="20220408 03:13:42.379" endtime="20220408 03:13:56.855"/>
</test>
<status status="PASS" starttime="20220408 03:13:41.913" endtime="20220408 03:13:56.862"/>
</suite>
<statistics>
<total>
<stat pass="4" fail="0" skip="0">All Tests</stat>
</total>
<tag>
<stat pass="2" fail="0" skip="0">user</stat>
</tag>
<suite>
<stat pass="4" fail="0" skip="0" id="s1" name="Demo">Demo</stat>
</suite>
</statistics>
<errors>
</errors>
</robot>
