<?xml version="1.0" encoding="UTF-8"?>
<robot generator="Robot 5.0 (Python 3.10.2 on win32)" generated="20220408 02:35:52.850" rpa="false" schemaversion="3">
<suite id="s1" name="Demo" source="C:\Users\SHUBHENDRA SINGH\PycharmProjects\RoboticFramework\Tests\SampleApp\FunctionalTestSuite\Demo.robot">
<test id="s1-t1" name="login page test case" line="7">
<kw name="Log" library="BuiltIn">
<arg>Hello</arg>
<doc>Logs the given message with the given level.</doc>
<msg timestamp="20220408 02:35:53.340" level="INFO">Hello</msg>
<status status="PASS" starttime="20220408 02:35:53.340" endtime="20220408 02:35:53.341"/>
</kw>
<doc>Login for user</doc>
<tag>user</tag>
<status status="PASS" starttime="20220408 02:35:53.339" endtime="20220408 02:35:53.341"/>
</test>
<test id="s1-t2" name="Registratiion Page test case" line="12">
<kw name="Log" library="BuiltIn">
<arg>Welcome</arg>
<doc>Logs the given message with the given level.</doc>
<msg timestamp="20220408 02:35:53.343" level="INFO">Welcome</msg>
<status status="PASS" starttime="20220408 02:35:53.343" endtime="20220408 02:35:53.343"/>
</kw>
<doc>Registration for user</doc>
<tag>user</tag>
<status status="PASS" starttime="20220408 02:35:53.342" endtime="20220408 02:35:53.345"/>
</test>
<test id="s1-t3" name="Dashboard test case" line="17">
<kw name="Log" library="BuiltIn">
<arg>Dash</arg>
<doc>Logs the given message with the given level.</doc>
<msg timestamp="20220408 02:35:53.348" level="INFO">Dash</msg>
<status status="PASS" starttime="20220408 02:35:53.347" endtime="20220408 02:35:53.348"/>
</kw>
<doc>Dashboard for user</doc>
<status status="PASS" starttime="20220408 02:35:53.346" endtime="20220408 02:35:53.348"/>
</test>
<test id="s1-t4" name="Google test case" line="21">
<kw name="Open Browser" library="SeleniumLibrary">
<arg>https://www.google.com/</arg>
<arg>chrome</arg>
<doc>Opens a new browser instance to the optional ``url``.</doc>
<msg timestamp="20220408 02:35:53.351" level="INFO">Opening browser 'chrome' to base url 'https://www.google.com/'.</msg>
<status status="PASS" starttime="20220408 02:35:53.350" endtime="20220408 02:35:58.854"/>
</kw>
<kw name="Input Text" library="SeleniumLibrary">
<arg>name:q</arg>
<arg>Harman</arg>
<doc>Types the given ``text`` into the text field identified by ``locator``.</doc>
<msg timestamp="20220408 02:35:58.856" level="INFO">Typing text 'Harman' into text field 'name:q'.</msg>
<status status="PASS" starttime="20220408 02:35:58.855" endtime="20220408 02:35:59.032"/>
</kw>
<kw name="Submit Form" library="SeleniumLibrary">
<doc>Submits a form identified by ``locator``.</doc>
<msg timestamp="20220408 02:35:59.033" level="INFO">Submitting form 'None'.</msg>
<status status="PASS" starttime="20220408 02:35:59.033" endtime="20220408 02:36:01.659"/>
</kw>
<kw name="Close Browser" library="SeleniumLibrary">
<doc>Closes the current browser.</doc>
<status status="PASS" starttime="20220408 02:36:01.660" endtime="20220408 02:36:03.979"/>
</kw>
<doc>Google test</doc>
<status status="PASS" starttime="20220408 02:35:53.350" endtime="20220408 02:36:03.981"/>
</test>
<status status="PASS" starttime="20220408 02:35:52.854" endtime="20220408 02:36:03.988"/>
</suite>
<statistics>
<total>
<stat pass="4" fail="0" skip="0">All Tests</stat>
</total>
<tag>
<stat pass="2" fail="0" skip="0">user</stat>
</tag>
<suite>
<stat pass="4" fail="0" skip="0" id="s1" name="Demo">Demo</stat>
</suite>
</statistics>
<errors>
</errors>
</robot>
